<?xml version="1.0" encoding="UTF-8"?>
<testsuite name="ru.stqa.pft.addressbook.tests.ContactCreationTests" tests="1" skipped="0" failures="0" errors="0" timestamp="2020-03-23T19:38:27" hostname="WIN-DQV5445HK93" time="63.104">
  <properties/>
  <testcase name="testContactCreation[0](ContactData{id=2147483647, firstName='First 0', lastName='Last 0'})" classname="ru.stqa.pft.addressbook.tests.ContactCreationTests" time="63.104"/>
  <system-out><![CDATA[]]></system-out>
  <system-err><![CDATA[[1584992343.821][SEVERE]: Timed out receiving message from renderer: 0.100
]]></system-err>
</testsuite>
