<?xml version="1.0" encoding="UTF-8"?>
<testsuite name="ru.stqa.pft.addressbook.tests.ContactDeletionTests" tests="1" skipped="0" failures="0" errors="0" timestamp="2020-03-23T19:40:08" hostname="WIN-DQV5445HK93" time="32.02">
  <properties/>
  <testcase name="testContactDeletion" classname="ru.stqa.pft.addressbook.tests.ContactDeletionTests" time="32.02"/>
  <system-out><![CDATA[]]></system-out>
  <system-err><![CDATA[[1584992411.765][SEVERE]: Timed out receiving message from renderer: 0.100
]]></system-err>
</testsuite>
