<?xml version="1.0" encoding="UTF-8"?>
<testsuite name="ru.stqa.pft.addressbook.tests.ContactModificationTests" tests="1" skipped="0" failures="0" errors="0" timestamp="2020-03-23T19:39:30" hostname="WIN-DQV5445HK93" time="37.717">
  <properties/>
  <testcase name="testContactModification" classname="ru.stqa.pft.addressbook.tests.ContactModificationTests" time="37.717"/>
  <system-out><![CDATA[]]></system-out>
  <system-err><![CDATA[[1584992379.842][SEVERE]: Timed out receiving message from renderer: 0.100
]]></system-err>
</testsuite>
