<?xml version="1.0" encoding="UTF-8"?>
<testsuite name="ru.stqa.pft.addressbook.tests.ContactCreationTests" tests="1" skipped="0" failures="0" errors="0" timestamp="2020-03-17T17:21:30" hostname="WIN-DQV5445HK93" time="8.559">
  <properties/>
  <testcase name="testContactCreation2" classname="ru.stqa.pft.addressbook.tests.ContactCreationTests" time="8.559"/>
  <system-out><![CDATA[]]></system-out>
  <system-err><![CDATA[]]></system-err>
</testsuite>
