<?xml version="1.0" encoding="UTF-8"?>
<testsuite name="ru.stqa.pft.addressbook.tests.GroupCreationTests" tests="3" skipped="0" failures="0" errors="0" timestamp="2020-03-18T07:42:16" hostname="WIN-DQV5445HK93" time="18.799">
  <properties/>
  <testcase name="testGroupCreation[0](GroupData{id='2147483647', name='test1'})" classname="ru.stqa.pft.addressbook.tests.GroupCreationTests" time="7.479"/>
  <testcase name="testGroupCreation[1](GroupData{id='2147483647', name='test2'})" classname="ru.stqa.pft.addressbook.tests.GroupCreationTests" time="5.674"/>
  <testcase name="testGroupCreation[2](GroupData{id='2147483647', name='test3'})" classname="ru.stqa.pft.addressbook.tests.GroupCreationTests" time="5.64"/>
  <system-out><![CDATA[]]></system-out>
  <system-err><![CDATA[]]></system-err>
</testsuite>
