<?xml version="1.0" encoding="UTF-8"?>
<testsuite name="ru.stqa.pft.github.GithubTests" tests="1" skipped="0" failures="0" errors="0" timestamp="2020-04-15T10:47:10" hostname="WIN-DQV5445HK93" time="95.698">
  <properties/>
  <testcase name="testCommits" classname="ru.stqa.pft.github.GithubTests" time="95.698"/>
  <system-out><![CDATA[Задание №20: Реализовать интеграцию тестов с баг-трекером Bugify
ApplicationManager и TestBase в rest
Лекция 9.4. REST: взаимодействие с Bugify корректировка
Лекция 9.4. REST: взаимодействие с Bugify
Задание №19: Реализовать интеграцию тестов с баг-трекером MantisBT
Лекция 9.3. SOAP: взаимодействие с MantisBT
testMyIp правильный
Лекция 9.2. SOAP
SOAP подключение
SOAP подключение
убрала ненужный код
Реализован сценарий смены пароля пользователю баг-трекера MantisBT администратором системы
Добавлен hibernate
Задание №18: Реализовать тест для смены пароля в MantisBT
RegistrationHelper исправлены локаторы
Лекция 8.6. Получение почты на встроенный в тесты почтовый сервер 1
Лекция 8.5. Передача файлов на удалённую машину по протоколу FTP. Удаление Капчи
Лекция 8.4. Ленивая инициализация помощников 12,04
Прямое взаимодействие с сервером по протоколу HTTP. LoginTests
удаленные модули
Подготовка проекта для тестирования MantisBT
Лекция 8.6. Получение почты на встроенный в тесты почтовый сервер
ошибка
Лекция 8.5. Передача файлов на удалённую машину по протоколу FTP
ошибка
ошибка
ошибка
Логинтест ошибка
8.4 тест регистрации
httpclient
Добавлен новый проект для тестирования MantisBT
Реализованы тесты для добавления контакта в группу и удаления контакта из группы
Исправление ошибки в 7,6
Лекция 7.6. Связи между объектами
Лекция 7.5. Отключаемые проверки UI для Контактов
Лекция 7.5. Отключаемые проверки UI для Групп
Лекция 7.4. Сравнение данных, загруженных из БД
Лекция 7.3. Условия отбора данных
Лекция 7.2. Object Relational Mapping (ORM)
Лекция 7.1. Драйвер базы данных. Получение данных из БД
Лекция 6.11. Протоколирование (лог-файлы)
Лекция 6.11. Протоколирование (лог-файлы)
Лекция 6.10. Описание конфигурации тестового стенда Группы и Контакты
6.9. Конфигурационные файлы для описания тестовых наборов Групп и Контактов
Лекция 6.8. Автоматическое закрытие файлов после использования Группы и Контакты
Лекция 6.7. Формат JSON Контакты
Лекция 6.6. Формат XML Контакты
Лекция 6.5. Загрузка тестовых данных из файла Контакты
Лекция 6.4. Параметризация тестовых методов Контакты
Лекция 6.3. Анализ опций командой строки при запуске генератора данных Контакты
Лекция 6.2. Генератор тестовых данных, запись данных в файл Контакты
Лекция 6.7. Формат JSON Группы
Лекция 6.6. Формат XML группы
Лекция 6.5. Загрузка тестовых данных из файла
Лекция 6.4. Параметризация тестовых методов
Лекция 6.3. Анализ опций командой строки при запуске генератора данных
Лекция 6.2. Генератор тестовых данных, запись данных в файл
Лекция 6.1. Пути к файлам и директориям
Задание №11: Реализован тест для проверки информации о контактах на главной странице
Лекция 5.11. Клеим строки: метод обратных проверок Телефоны
Создание теста проверки телефонов
Лекция 5.8. Хеширование и предварительные проверки Группы и Контакты
Лекция 5.7. Кеширование результатов длительных операций Группы и Контакты
Задание №10. Реализация проверок в fluent-стиле Контакты
Задание №10. Реализация проверок в fluent-стиле Группы
Лекция 5.5. Повсеместное использование уникальных идентификаторов объектов Контакты
Лекция 5.4. Fluent-интерфейсы Контакты
Лекция 5.3. Улучшение названий методов Контакты
проверки путём сравнения списков Контакты
Сравнение Контактов
9 Контакты
5.5. Повсеместное использование уникальных идентификаторов объектов Группы
5.4. Fluent-интерфейсы Группы
Лекция 5.3. Улучшение названий методов Группы
Задание №9
4.9 Вычисление максимального индетификатора Контакты
4.7. Множества: неупорядоченные коллекции. Модификация контактов.
4.7 Контакты
Сравнение коллекций Контакты
Формирование коллекции Контакты
Выбор элемента списка по порядковому номеру Контакты
Количество элементов в коллекции Контакты
Сортировка списков Групп
Лямбда-выражения (анонимные функции) и элементы функционального программирования Группы
Поиск максимального элемента в коллекции Группы
Множества: неупорядоченные коллекции Группы
Сравнение коллекций Группы
Формирование коллекции Группы
Выбор элемента списка по порядковому номеру Группы
Количество элементов в коллекции Группы
Коллекции: наборы элементов
Циклы: многократные повторения похожих действий
Реализована проверка и обеспечение предусловий для Контактов 2
Реализована проверка и обеспечение предусловий для Контактов
Оптимизированный переход между страницами Контактов
Тест Контактов после изменения метода
Лекция 3.9 для Контактов
Реализована проверка и обеспечение предусловий для Групп
Модификация групп и контактов
3.6. Оптимизация заполнения форм: оставляем не изменяющися значения в полях
ДЗ7. Браузер  IE
ДЗ7. Запуск тестов в разных браузерах
Запуск тестов в разных браузерах
ДЗ6. Тесты для модификации групп
ДР5. Общий базовый класс для классов-помощников
Выделяем специализированные классы-помощники
Заменяем наследование на делегирование и создаём двухуровневую архитектуру2
Заменяем наследование на делегирование и создаём двухуровневую архитектуру
Тест на удаление контакта
Базовый класс для тестов удаления групп
Тест для Контактов2
Тест для Контактов
Тест для Контактов инициализация и зачистка
Делаем тест для Контактов
Рефакторинг: улучшаем читаемость кода, выделяем вспомогательные методы
Фикстуры: инициализация и зачистка
Делаем тест для веб-приложения, используя драйвер Selenium
Задание №3 ответ 2
Задание №2 ответ 2
Тесты Point
Тест для Square
Расстояние между точками
не нужное
Добавлено несколько функций
какие-то изменения
Смена имени
Проект "отвязан" от репозитория Git
Изменены настройки форматирования
Создан пакет для моей первой программы
Создан проект для IDEA
Добавлен запускатель для Gradle
Создан проект песочница
Initial commit
]]></system-out>
  <system-err><![CDATA[SLF4J: Failed to load class "org.slf4j.impl.StaticLoggerBinder".
SLF4J: Defaulting to no-operation (NOP) logger implementation
SLF4J: See http://www.slf4j.org/codes.html#StaticLoggerBinder for further details.
]]></system-err>
</testsuite>
